Start testing: May 17 10:26 CEST
----------------------------------------------------------
1/1 Testing: test
1/1 Test: test
Command: "/home/Amour/Documents/Epitech/Tech2/hub/workshop-cmake/build/testrun"
Directory: /home/Amour/Documents/Epitech/Tech2/hub/workshop-cmake/build
"test" start time: May 17 10:26 CEST
Output:
----------------------------------------------------------
[[0;34m====[0m] [0;1mSynthesis: Tested: [0;34m3[0;1m | Passing: [0;32m3[0;1m | Failing: [0m0[0;1m | Crashing: [0m0[0;1m [0m
<end of output>
Test time =   0.25 sec
----------------------------------------------------------
Test Passed.
"test" end time: May 17 10:26 CEST
"test" time elapsed: 00:00:00
----------------------------------------------------------

End testing: May 17 10:26 CEST
