<?xml version="1.0" encoding="UTF-8"?>
<Site BuildName="Linux-c++"
	BuildStamp="20230517-0826-Experimental"
	Name="brobert"
	Generator="ctest-3.25.2"
	CompilerName="/usr/bin/c++"
	CompilerVersion="12.2.1"
	OSName="Linux"
	Hostname="brobert"
	OSRelease="6.1.18-100.fc36.x86_64"
	OSVersion="#1 SMP PREEMPT_DYNAMIC Sat Mar 11 16:46:48 UTC 2023"
	OSPlatform="x86_64"
	Is64Bits="1"
	VendorString="AuthenticAMD"
	VendorID="Advanced Micro Devices"
	FamilyID="23"
	ModelID="96"
	ProcessorCacheSize="512"
	NumberOfLogicalCPU="8"
	NumberOfPhysicalCPU="8"
	TotalVirtualMemory="8191"
	TotalPhysicalMemory="15339"
	LogicalProcessorsPerPhysical="1"
	ProcessorClockFrequency="2495.45"
	>
	<Testing>
		<StartDateTime>May 17 10:26 CEST</StartDateTime>
		<StartTestTime>1684312006</StartTestTime>
		<TestList>
			<Test>./test</Test>
		</TestList>
		<Test Status="passed">
			<Name>test</Name>
			<Path>.</Path>
			<FullName>./test</FullName>
			<FullCommandLine>/home/Amour/Documents/Epitech/Tech2/hub/workshop-cmake/build/testrun</FullCommandLine>
			<Results>
				<NamedMeasurement type="numeric/double" name="Execution Time">
					<Value>0.249231</Value>
				</NamedMeasurement>
				<NamedMeasurement type="numeric/double" name="Processors">
					<Value>1</Value>
				</NamedMeasurement>
				<NamedMeasurement type="text/string" name="Completion Status">
					<Value>Completed</Value>
				</NamedMeasurement>
				<NamedMeasurement type="text/string" name="Command Line">
					<Value>/home/Amour/Documents/Epitech/Tech2/hub/workshop-cmake/build/testrun</Value>
				</NamedMeasurement>
				<NamedMeasurement type="text/string" name="Environment">
					<Value>#CTEST_RESOURCE_GROUP_COUNT=</Value>
				</NamedMeasurement>
				<Measurement>
					<Value encoding="base64" compression="gzip">eJyLlo42sDY2ybUFAiAzN1YBJGCYG1yZV5KRWpxZbKUQklpckppipQBVaQxRoFCjEJBYXJyZlw6VMUKScUvMzIHJ5BrAhZ2LEoszMMRBbC4AcucmiA==</Value>
				</Measurement>
			</Results>
		</Test>
		<EndDateTime>May 17 10:26 CEST</EndDateTime>
		<EndTestTime>1684312006</EndTestTime>
		<ElapsedMinutes>0</ElapsedMinutes>
	</Testing>
</Site>
